<?xml version="1.0" encoding="UTF-8"?>
<testsuite xmlns:xsi="http://www.w3.org/2001/XMLSchema-instance" xsi:noNamespaceSchemaLocation="https://maven.apache.org/surefire/maven-surefire-plugin/xsd/surefire-test-report-3.0.xsd" version="3.0" name="org.jsmart.zerocode.core.kafka.DeliveryDetailsTest" time="0.091" tests="1" errors="0" skipped="0" failures="0">
  <properties>
    <property name="awt.toolkit" value="sun.awt.X11.XToolkit"/>
    <property name="nondexStart" value="0"/>
    <property name="java.specification.version" value="11"/>
    <property name="sun.cpu.isalist" value=""/>
    <property name="sun.jnu.encoding" value="UTF-8"/>
    <property name="java.class.path" value="/home/asom2/MP1/zerocode/core/target/test-classes:/home/asom2/MP1/zerocode/core/target/classes:/home/asom2/.m2/repository/com/fasterxml/jackson/dataformat/jackson-dataformat-yaml/2.15.4/jackson-dataformat-yaml-2.15.4.jar:/home/asom2/.m2/repository/org/yaml/snakeyaml/2.1/snakeyaml-2.1.jar:/home/asom2/.m2/repository/com/univocity/univocity-parsers/2.8.2/univocity-parsers-2.8.2.jar:/home/asom2/.m2/repository/com/google/code/gson/gson/2.10.1/gson-2.10.1.jar:/home/asom2/.m2/repository/org/apache/kafka/kafka-clients/3.7.0/kafka-clients-3.7.0.jar:/home/asom2/.m2/repository/com/github/luben/zstd-jni/1.5.5-6/zstd-jni-1.5.5-6.jar:/home/asom2/.m2/repository/org/lz4/lz4-java/1.8.0/lz4-java-1.8.0.jar:/home/asom2/.m2/repository/org/xerial/snappy/snappy-java/1.1.10.5/snappy-java-1.1.10.5.jar:/home/asom2/.m2/repository/org/slf4j/slf4j-api/2.0.12/slf4j-api-2.0.12.jar:/home/asom2/.m2/repository/org/json/json/20240205/json-20240205.jar:/home/asom2/.m2/repository/org/apache/velocity/velocity-engine-core/2.3/velocity-engine-core-2.3.jar:/home/asom2/.m2/repository/com/fasterxml/jackson/dataformat/jackson-dataformat-csv/2.15.4/jackson-dataformat-csv-2.15.4.jar:/home/asom2/.m2/repository/commons-io/commons-io/2.15.0/commons-io-2.15.0.jar:/home/asom2/.m2/repository/com/github/tomakehurst/wiremock/2.27.2/wiremock-2.27.2.jar:/home/asom2/.m2/repository/org/eclipse/jetty/jetty-server/9.2.28.v20190418/jetty-server-9.2.28.v20190418.jar:/home/asom2/.m2/repository/javax/servlet/javax.servlet-api/3.1.0/javax.servlet-api-3.1.0.jar:/home/asom2/.m2/repository/org/eclipse/jetty/jetty-http/9.2.28.v20190418/jetty-http-9.2.28.v20190418.jar:/home/asom2/.m2/repository/org/eclipse/jetty/jetty-io/9.2.28.v20190418/jetty-io-9.2.28.v20190418.jar:/home/asom2/.m2/repository/org/eclipse/jetty/jetty-servlet/9.2.28.v20190418/jetty-servlet-9.2.28.v20190418.jar:/home/asom2/.m2/repository/org/eclipse/jetty/jetty-security/9.2.28.v20190418/jetty-security-9.2.28.v20190418.jar:/home/asom2/.m2/repository/org/eclipse/jetty/jetty-servlets/9.2.28.v20190418/jetty-servlets-9.2.28.v20190418.jar:/home/asom2/.m2/repository/org/eclipse/jetty/jetty-continuation/9.2.28.v20190418/jetty-continuation-9.2.28.v20190418.jar:/home/asom2/.m2/repository/org/eclipse/jetty/jetty-util/9.2.28.v20190418/jetty-util-9.2.28.v20190418.jar:/home/asom2/.m2/repository/org/eclipse/jetty/jetty-webapp/9.2.28.v20190418/jetty-webapp-9.2.28.v20190418.jar:/home/asom2/.m2/repository/org/eclipse/jetty/jetty-xml/9.2.28.v20190418/jetty-xml-9.2.28.v20190418.jar:/home/asom2/.m2/repository/org/eclipse/jetty/jetty-proxy/9.2.28.v20190418/jetty-proxy-9.2.28.v20190418.jar:/home/asom2/.m2/repository/org/eclipse/jetty/jetty-client/9.2.28.v20190418/jetty-client-9.2.28.v20190418.jar:/home/asom2/.m2/repository/org/xmlunit/xmlunit-core/2.7.0/xmlunit-core-2.7.0.jar:/home/asom2/.m2/repository/javax/xml/bind/jaxb-api/2.3.0/jaxb-api-2.3.0.jar:/home/asom2/.m2/repository/org/xmlunit/xmlunit-legacy/2.7.0/xmlunit-legacy-2.7.0.jar:/home/asom2/.m2/repository/org/xmlunit/xmlunit-placeholders/2.7.0/xmlunit-placeholders-2.7.0.jar:/home/asom2/.m2/repository/org/ow2/asm/asm/7.0/asm-7.0.jar:/home/asom2/.m2/repository/net/sf/jopt-simple/jopt-simple/5.0.3/jopt-simple-5.0.3.jar:/home/asom2/.m2/repository/com/github/jknack/handlebars/4.0.7/handlebars-4.0.7.jar:/home/asom2/.m2/repository/org/antlr/antlr4-runtime/4.7.1/antlr4-runtime-4.7.1.jar:/home/asom2/.m2/repository/com/github/jknack/handlebars-helpers/4.0.7/handlebars-helpers-4.0.7.jar:/home/asom2/.m2/repository/com/flipkart/zjsonpatch/zjsonpatch/0.4.4/zjsonpatch-0.4.4.jar:/home/asom2/.m2/repository/commons-fileupload/commons-fileupload/1.4/commons-fileupload-1.4.jar:/home/asom2/.m2/repository/ch/qos/logback/logback-classic/1.3.14/logback-classic-1.3.14.jar:/home/asom2/.m2/repository/ch/qos/logback/logback-core/1.3.14/logback-core-1.3.14.jar:/home/asom2/.m2/repository/org/jboss/resteasy/resteasy-jaxrs/3.15.6.Final/resteasy-jaxrs-3.15.6.Final.jar:/home/asom2/.m2/repository/org/jboss/spec/javax/ws/rs/jboss-jaxrs-api_2.1_spec/2.0.1.Final/jboss-jaxrs-api_2.1_spec-2.0.1.Final.jar:/home/asom2/.m2/repository/org/jboss/spec/javax/xml/bind/jboss-jaxb-api_2.3_spec/2.0.1.Final/jboss-jaxb-api_2.3_spec-2.0.1.Final.jar:/home/asom2/.m2/repository/org/reactivestreams/reactive-streams/1.0.3/reactive-streams-1.0.3.jar:/home/asom2/.m2/repository/jakarta/validation/jakarta.validation-api/2.0.2/jakarta.validation-api-2.0.2.jar:/home/asom2/.m2/repository/org/jboss/spec/javax/annotation/jboss-annotations-api_1.3_spec/2.0.1.Final/jboss-annotations-api_1.3_spec-2.0.1.Final.jar:/home/asom2/.m2/repository/com/sun/activation/jakarta.activation/1.2.2/jakarta.activation-1.2.2.jar:/home/asom2/.m2/repository/com/github/stephenc/jcip/jcip-annotations/1.0-1/jcip-annotations-1.0-1.jar:/home/asom2/.m2/repository/org/jboss/logging/jboss-logging/3.4.1.Final/jboss-logging-3.4.1.Final.jar:/home/asom2/.m2/repository/org/jboss/resteasy/resteasy-client/3.15.6.Final/resteasy-client-3.15.6.Final.jar:/home/asom2/.m2/repository/commons-codec/commons-codec/1.15/commons-codec-1.15.jar:/home/asom2/.m2/repository/com/jayway/jsonpath/json-path/2.9.0/json-path-2.9.0.jar:/home/asom2/.m2/repository/net/minidev/json-smart/2.5.0/json-smart-2.5.0.jar:/home/asom2/.m2/repository/net/minidev/accessors-smart/2.5.0/accessors-smart-2.5.0.jar:/home/asom2/.m2/repository/com/google/classpath-explorer/classpath-explorer/1.0/classpath-explorer-1.0.jar:/home/asom2/.m2/repository/org/jukito/jukito/1.5/jukito-1.5.jar:/home/asom2/.m2/repository/org/mockito/mockito-core/2.5.7/mockito-core-2.5.7.jar:/home/asom2/.m2/repository/net/bytebuddy/byte-buddy/1.6.2/byte-buddy-1.6.2.jar:/home/asom2/.m2/repository/net/bytebuddy/byte-buddy-agent/1.6.2/byte-buddy-agent-1.6.2.jar:/home/asom2/.m2/repository/org/objenesis/objenesis/2.4/objenesis-2.4.jar:/home/asom2/.m2/repository/com/google/inject/extensions/guice-assistedinject/4.0/guice-assistedinject-4.0.jar:/home/asom2/.m2/repository/com/google/inject/guice/7.0.0/guice-7.0.0.jar:/home/asom2/.m2/repository/jakarta/inject/jakarta.inject-api/2.0.1/jakarta.inject-api-2.0.1.jar:/home/asom2/.m2/repository/aopalliance/aopalliance/1.0/aopalliance-1.0.jar:/home/asom2/.m2/repository/org/skyscreamer/jsonassert/1.5.1/jsonassert-1.5.1.jar:/home/asom2/.m2/repository/com/vaadin/external/google/android-json/0.0.20131108.vaadin1/android-json-0.0.20131108.vaadin1.jar:/home/asom2/.m2/repository/com/google/guava/guava/33.0.0-jre/guava-33.0.0-jre.jar:/home/asom2/.m2/repository/com/google/guava/failureaccess/1.0.2/failureaccess-1.0.2.jar:/home/asom2/.m2/repository/com/google/guava/listenablefuture/9999.0-empty-to-avoid-conflict-with-guava/listenablefuture-9999.0-empty-to-avoid-conflict-with-guava.jar:/home/asom2/.m2/repository/com/google/code/findbugs/jsr305/3.0.2/jsr305-3.0.2.jar:/home/asom2/.m2/repository/org/checkerframework/checker-qual/3.41.0/checker-qual-3.41.0.jar:/home/asom2/.m2/repository/com/google/errorprone/error_prone_annotations/2.23.0/error_prone_annotations-2.23.0.jar:/home/asom2/.m2/repository/com/google/j2objc/j2objc-annotations/2.8/j2objc-annotations-2.8.jar:/home/asom2/.m2/repository/com/fasterxml/jackson/core/jackson-annotations/2.15.4/jackson-annotations-2.15.4.jar:/home/asom2/.m2/repository/com/fasterxml/jackson/core/jackson-core/2.15.4/jackson-core-2.15.4.jar:/home/asom2/.m2/repository/com/fasterxml/jackson/core/jackson-databind/2.15.4/jackson-databind-2.15.4.jar:/home/asom2/.m2/repository/junit/junit/4.13.2/junit-4.13.2.jar:/home/asom2/.m2/repository/org/hamcrest/hamcrest-core/1.3/hamcrest-core-1.3.jar:/home/asom2/.m2/repository/org/apache/httpcomponents/httpclient/4.5.13/httpclient-4.5.13.jar:/home/asom2/.m2/repository/org/apache/httpcomponents/httpcore/4.4.13/httpcore-4.4.13.jar:/home/asom2/.m2/repository/commons-logging/commons-logging/1.2/commons-logging-1.2.jar:/home/asom2/.m2/repository/org/apache/httpcomponents/httpmime/4.5.12/httpmime-4.5.12.jar:/home/asom2/.m2/repository/org/apache/commons/commons-collections4/4.4/commons-collections4-4.4.jar:/home/asom2/.m2/repository/org/apache/commons/commons-lang3/3.14.0/commons-lang3-3.14.0.jar:/home/asom2/.m2/repository/org/apache/commons/commons-text/1.11.0/commons-text-1.11.0.jar:/home/asom2/.m2/repository/org/jsmart/micro-simulator/1.1.10/micro-simulator-1.1.10.jar:/home/asom2/.m2/repository/commons-lang/commons-lang/2.6/commons-lang-2.6.jar:/home/asom2/.m2/repository/org/simpleframework/simple/5.1.6/simple-5.1.6.jar:/home/asom2/.m2/repository/com/h2database/h2/2.2.220/h2-2.2.220.jar:/home/asom2/.m2/repository/com/aventstack/extentreports/5.0.9/extentreports-5.0.9.jar:/home/asom2/.m2/repository/io/reactivex/rxjava3/rxjava/3.0.4/rxjava-3.0.4.jar:/home/asom2/.m2/repository/org/freemarker/freemarker/2.3.30/freemarker-2.3.30.jar:/home/asom2/.m2/repository/org/projectlombok/lombok/1.18.12/lombok-1.18.12.jar:/home/asom2/.m2/repository/com/google/protobuf/protobuf-java/3.24.4/protobuf-java-3.24.4.jar:/home/asom2/.m2/repository/com/google/protobuf/protobuf-java-util/3.24.4/protobuf-java-util-3.24.4.jar:"/>
    <property name="java.vm.vendor" value="Ubuntu"/>
    <property name="nondexPrintstack" value="false"/>
    <property name="sun.arch.data.model" value="64"/>
    <property name="java.vendor.url" value="https://ubuntu.com/"/>
    <property name="user.timezone" value=""/>
    <property name="os.name" value="Linux"/>
    <property name="java.vm.specification.version" value="11"/>
    <property name="user.country" value="US"/>
    <property name="sun.java.launcher" value="SUN_STANDARD"/>
    <property name="sun.boot.library.path" value="/usr/lib/jvm/java-11-openjdk-amd64/lib"/>
    <property name="sun.java.command" value="/home/asom2/MP1/zerocode/core/target/surefire/surefirebooter-20240909114645811_9.jar /home/asom2/MP1/zerocode/core/target/surefire 2024-09-09T11-46-45_632-jvmRun1 surefire-20240909114645811_7tmp surefire_2-20240909114645811_8tmp"/>
    <property name="nondexLogging" value="CONFIG"/>
    <property name="jdk.debug" value="release"/>
    <property name="test" value="org.jsmart.zerocode.core.kafka.DeliveryDetailsTest#testSerDeser"/>
    <property name="surefire.test.class.path" value="/home/asom2/MP1/zerocode/core/target/test-classes:/home/asom2/MP1/zerocode/core/target/classes:/home/asom2/.m2/repository/com/fasterxml/jackson/dataformat/jackson-dataformat-yaml/2.15.4/jackson-dataformat-yaml-2.15.4.jar:/home/asom2/.m2/repository/org/yaml/snakeyaml/2.1/snakeyaml-2.1.jar:/home/asom2/.m2/repository/com/univocity/univocity-parsers/2.8.2/univocity-parsers-2.8.2.jar:/home/asom2/.m2/repository/com/google/code/gson/gson/2.10.1/gson-2.10.1.jar:/home/asom2/.m2/repository/org/apache/kafka/kafka-clients/3.7.0/kafka-clients-3.7.0.jar:/home/asom2/.m2/repository/com/github/luben/zstd-jni/1.5.5-6/zstd-jni-1.5.5-6.jar:/home/asom2/.m2/repository/org/lz4/lz4-java/1.8.0/lz4-java-1.8.0.jar:/home/asom2/.m2/repository/org/xerial/snappy/snappy-java/1.1.10.5/snappy-java-1.1.10.5.jar:/home/asom2/.m2/repository/org/slf4j/slf4j-api/2.0.12/slf4j-api-2.0.12.jar:/home/asom2/.m2/repository/org/json/json/20240205/json-20240205.jar:/home/asom2/.m2/repository/org/apache/velocity/velocity-engine-core/2.3/velocity-engine-core-2.3.jar:/home/asom2/.m2/repository/com/fasterxml/jackson/dataformat/jackson-dataformat-csv/2.15.4/jackson-dataformat-csv-2.15.4.jar:/home/asom2/.m2/repository/commons-io/commons-io/2.15.0/commons-io-2.15.0.jar:/home/asom2/.m2/repository/com/github/tomakehurst/wiremock/2.27.2/wiremock-2.27.2.jar:/home/asom2/.m2/repository/org/eclipse/jetty/jetty-server/9.2.28.v20190418/jetty-server-9.2.28.v20190418.jar:/home/asom2/.m2/repository/javax/servlet/javax.servlet-api/3.1.0/javax.servlet-api-3.1.0.jar:/home/asom2/.m2/repository/org/eclipse/jetty/jetty-http/9.2.28.v20190418/jetty-http-9.2.28.v20190418.jar:/home/asom2/.m2/repository/org/eclipse/jetty/jetty-io/9.2.28.v20190418/jetty-io-9.2.28.v20190418.jar:/home/asom2/.m2/repository/org/eclipse/jetty/jetty-servlet/9.2.28.v20190418/jetty-servlet-9.2.28.v20190418.jar:/home/asom2/.m2/repository/org/eclipse/jetty/jetty-security/9.2.28.v20190418/jetty-security-9.2.28.v20190418.jar:/home/asom2/.m2/repository/org/eclipse/jetty/jetty-servlets/9.2.28.v20190418/jetty-servlets-9.2.28.v20190418.jar:/home/asom2/.m2/repository/org/eclipse/jetty/jetty-continuation/9.2.28.v20190418/jetty-continuation-9.2.28.v20190418.jar:/home/asom2/.m2/repository/org/eclipse/jetty/jetty-util/9.2.28.v20190418/jetty-util-9.2.28.v20190418.jar:/home/asom2/.m2/repository/org/eclipse/jetty/jetty-webapp/9.2.28.v20190418/jetty-webapp-9.2.28.v20190418.jar:/home/asom2/.m2/repository/org/eclipse/jetty/jetty-xml/9.2.28.v20190418/jetty-xml-9.2.28.v20190418.jar:/home/asom2/.m2/repository/org/eclipse/jetty/jetty-proxy/9.2.28.v20190418/jetty-proxy-9.2.28.v20190418.jar:/home/asom2/.m2/repository/org/eclipse/jetty/jetty-client/9.2.28.v20190418/jetty-client-9.2.28.v20190418.jar:/home/asom2/.m2/repository/org/xmlunit/xmlunit-core/2.7.0/xmlunit-core-2.7.0.jar:/home/asom2/.m2/repository/javax/xml/bind/jaxb-api/2.3.0/jaxb-api-2.3.0.jar:/home/asom2/.m2/repository/org/xmlunit/xmlunit-legacy/2.7.0/xmlunit-legacy-2.7.0.jar:/home/asom2/.m2/repository/org/xmlunit/xmlunit-placeholders/2.7.0/xmlunit-placeholders-2.7.0.jar:/home/asom2/.m2/repository/org/ow2/asm/asm/7.0/asm-7.0.jar:/home/asom2/.m2/repository/net/sf/jopt-simple/jopt-simple/5.0.3/jopt-simple-5.0.3.jar:/home/asom2/.m2/repository/com/github/jknack/handlebars/4.0.7/handlebars-4.0.7.jar:/home/asom2/.m2/repository/org/antlr/antlr4-runtime/4.7.1/antlr4-runtime-4.7.1.jar:/home/asom2/.m2/repository/com/github/jknack/handlebars-helpers/4.0.7/handlebars-helpers-4.0.7.jar:/home/asom2/.m2/repository/com/flipkart/zjsonpatch/zjsonpatch/0.4.4/zjsonpatch-0.4.4.jar:/home/asom2/.m2/repository/commons-fileupload/commons-fileupload/1.4/commons-fileupload-1.4.jar:/home/asom2/.m2/repository/ch/qos/logback/logback-classic/1.3.14/logback-classic-1.3.14.jar:/home/asom2/.m2/repository/ch/qos/logback/logback-core/1.3.14/logback-core-1.3.14.jar:/home/asom2/.m2/repository/org/jboss/resteasy/resteasy-jaxrs/3.15.6.Final/resteasy-jaxrs-3.15.6.Final.jar:/home/asom2/.m2/repository/org/jboss/spec/javax/ws/rs/jboss-jaxrs-api_2.1_spec/2.0.1.Final/jboss-jaxrs-api_2.1_spec-2.0.1.Final.jar:/home/asom2/.m2/repository/org/jboss/spec/javax/xml/bind/jboss-jaxb-api_2.3_spec/2.0.1.Final/jboss-jaxb-api_2.3_spec-2.0.1.Final.jar:/home/asom2/.m2/repository/org/reactivestreams/reactive-streams/1.0.3/reactive-streams-1.0.3.jar:/home/asom2/.m2/repository/jakarta/validation/jakarta.validation-api/2.0.2/jakarta.validation-api-2.0.2.jar:/home/asom2/.m2/repository/org/jboss/spec/javax/annotation/jboss-annotations-api_1.3_spec/2.0.1.Final/jboss-annotations-api_1.3_spec-2.0.1.Final.jar:/home/asom2/.m2/repository/com/sun/activation/jakarta.activation/1.2.2/jakarta.activation-1.2.2.jar:/home/asom2/.m2/repository/com/github/stephenc/jcip/jcip-annotations/1.0-1/jcip-annotations-1.0-1.jar:/home/asom2/.m2/repository/org/jboss/logging/jboss-logging/3.4.1.Final/jboss-logging-3.4.1.Final.jar:/home/asom2/.m2/repository/org/jboss/resteasy/resteasy-client/3.15.6.Final/resteasy-client-3.15.6.Final.jar:/home/asom2/.m2/repository/commons-codec/commons-codec/1.15/commons-codec-1.15.jar:/home/asom2/.m2/repository/com/jayway/jsonpath/json-path/2.9.0/json-path-2.9.0.jar:/home/asom2/.m2/repository/net/minidev/json-smart/2.5.0/json-smart-2.5.0.jar:/home/asom2/.m2/repository/net/minidev/accessors-smart/2.5.0/accessors-smart-2.5.0.jar:/home/asom2/.m2/repository/com/google/classpath-explorer/classpath-explorer/1.0/classpath-explorer-1.0.jar:/home/asom2/.m2/repository/org/jukito/jukito/1.5/jukito-1.5.jar:/home/asom2/.m2/repository/org/mockito/mockito-core/2.5.7/mockito-core-2.5.7.jar:/home/asom2/.m2/repository/net/bytebuddy/byte-buddy/1.6.2/byte-buddy-1.6.2.jar:/home/asom2/.m2/repository/net/bytebuddy/byte-buddy-agent/1.6.2/byte-buddy-agent-1.6.2.jar:/home/asom2/.m2/repository/org/objenesis/objenesis/2.4/objenesis-2.4.jar:/home/asom2/.m2/repository/com/google/inject/extensions/guice-assistedinject/4.0/guice-assistedinject-4.0.jar:/home/asom2/.m2/repository/com/google/inject/guice/7.0.0/guice-7.0.0.jar:/home/asom2/.m2/repository/jakarta/inject/jakarta.inject-api/2.0.1/jakarta.inject-api-2.0.1.jar:/home/asom2/.m2/repository/aopalliance/aopalliance/1.0/aopalliance-1.0.jar:/home/asom2/.m2/repository/org/skyscreamer/jsonassert/1.5.1/jsonassert-1.5.1.jar:/home/asom2/.m2/repository/com/vaadin/external/google/android-json/0.0.20131108.vaadin1/android-json-0.0.20131108.vaadin1.jar:/home/asom2/.m2/repository/com/google/guava/guava/33.0.0-jre/guava-33.0.0-jre.jar:/home/asom2/.m2/repository/com/google/guava/failureaccess/1.0.2/failureaccess-1.0.2.jar:/home/asom2/.m2/repository/com/google/guava/listenablefuture/9999.0-empty-to-avoid-conflict-with-guava/listenablefuture-9999.0-empty-to-avoid-conflict-with-guava.jar:/home/asom2/.m2/repository/com/google/code/findbugs/jsr305/3.0.2/jsr305-3.0.2.jar:/home/asom2/.m2/repository/org/checkerframework/checker-qual/3.41.0/checker-qual-3.41.0.jar:/home/asom2/.m2/repository/com/google/errorprone/error_prone_annotations/2.23.0/error_prone_annotations-2.23.0.jar:/home/asom2/.m2/repository/com/google/j2objc/j2objc-annotations/2.8/j2objc-annotations-2.8.jar:/home/asom2/.m2/repository/com/fasterxml/jackson/core/jackson-annotations/2.15.4/jackson-annotations-2.15.4.jar:/home/asom2/.m2/repository/com/fasterxml/jackson/core/jackson-core/2.15.4/jackson-core-2.15.4.jar:/home/asom2/.m2/repository/com/fasterxml/jackson/core/jackson-databind/2.15.4/jackson-databind-2.15.4.jar:/home/asom2/.m2/repository/junit/junit/4.13.2/junit-4.13.2.jar:/home/asom2/.m2/repository/org/hamcrest/hamcrest-core/1.3/hamcrest-core-1.3.jar:/home/asom2/.m2/repository/org/apache/httpcomponents/httpclient/4.5.13/httpclient-4.5.13.jar:/home/asom2/.m2/repository/org/apache/httpcomponents/httpcore/4.4.13/httpcore-4.4.13.jar:/home/asom2/.m2/repository/commons-logging/commons-logging/1.2/commons-logging-1.2.jar:/home/asom2/.m2/repository/org/apache/httpcomponents/httpmime/4.5.12/httpmime-4.5.12.jar:/home/asom2/.m2/repository/org/apache/commons/commons-collections4/4.4/commons-collections4-4.4.jar:/home/asom2/.m2/repository/org/apache/commons/commons-lang3/3.14.0/commons-lang3-3.14.0.jar:/home/asom2/.m2/repository/org/apache/commons/commons-text/1.11.0/commons-text-1.11.0.jar:/home/asom2/.m2/repository/org/jsmart/micro-simulator/1.1.10/micro-simulator-1.1.10.jar:/home/asom2/.m2/repository/commons-lang/commons-lang/2.6/commons-lang-2.6.jar:/home/asom2/.m2/repository/org/simpleframework/simple/5.1.6/simple-5.1.6.jar:/home/asom2/.m2/repository/com/h2database/h2/2.2.220/h2-2.2.220.jar:/home/asom2/.m2/repository/com/aventstack/extentreports/5.0.9/extentreports-5.0.9.jar:/home/asom2/.m2/repository/io/reactivex/rxjava3/rxjava/3.0.4/rxjava-3.0.4.jar:/home/asom2/.m2/repository/org/freemarker/freemarker/2.3.30/freemarker-2.3.30.jar:/home/asom2/.m2/repository/org/projectlombok/lombok/1.18.12/lombok-1.18.12.jar:/home/asom2/.m2/repository/com/google/protobuf/protobuf-java/3.24.4/protobuf-java-3.24.4.jar:/home/asom2/.m2/repository/com/google/protobuf/protobuf-java-util/3.24.4/protobuf-java-util-3.24.4.jar:"/>
    <property name="sun.cpu.endian" value="little"/>
    <property name="nondexExecid" value="b9vjPvbGBZapY8DV1+rXc86pj6kaboXmeWyRx7ZxJs="/>
    <property name="user.home" value="/home/asom2"/>
    <property name="user.language" value="en"/>
    <property name="java.specification.vendor" value="Oracle Corporation"/>
    <property name="java.version.date" value="2024-07-16"/>
    <property name="java.home" value="/usr/lib/jvm/java-11-openjdk-amd64"/>
    <property name="basedir" value="/home/asom2/MP1/zerocode/core"/>
    <property name="file.separator" value="/"/>
    <property name="java.vm.compressedOopsMode" value="32-bit"/>
    <property name="nondexEnd" value="9223372036854775807"/>
    <property name="line.separator" value="&#10;"/>
    <property name="java.vm.specification.vendor" value="Oracle Corporation"/>
    <property name="java.specification.name" value="Java Platform API Specification"/>
    <property name="java.awt.graphicsenv" value="sun.awt.X11GraphicsEnvironment"/>
    <property name="nondexFilter" value=".*"/>
    <property name="nondexSeed" value="974622"/>
    <property name="surefire.real.class.path" value="/home/asom2/MP1/zerocode/core/target/surefire/surefirebooter-20240909114645811_9.jar"/>
    <property name="sun.management.compiler" value="HotSpot 64-Bit Tiered Compilers"/>
    <property name="java.runtime.version" value="11.0.24+8-post-Ubuntu-1ubuntu322.04"/>
    <property name="user.name" value="asom2"/>
    <property name="path.separator" value=":"/>
    <property name="os.version" value="5.15.0-119-generic"/>
    <property name="java.runtime.name" value="OpenJDK Runtime Environment"/>
    <property name="file.encoding" value="UTF-8"/>
    <property name="java.vm.name" value="OpenJDK 64-Bit Server VM"/>
    <property name="localRepository" value="/home/asom2/.m2/repository"/>
    <property name="nondexDir" value="/home/asom2/MP1/zerocode/core/.nondex"/>
    <property name="nondexJarDir" value="/home/asom2/MP1/zerocode/core/.nondex"/>
    <property name="java.vendor.url.bug" value="https://bugs.launchpad.net/ubuntu/+source/openjdk-lts"/>
    <property name="java.io.tmpdir" value="/tmp"/>
    <property name="java.version" value="11.0.24"/>
    <property name="user.dir" value="/home/asom2/MP1/zerocode/core"/>
    <property name="os.arch" value="amd64"/>
    <property name="nondexMode" value="FULL"/>
    <property name="java.vm.specification.name" value="Java Virtual Machine Specification"/>
    <property name="java.awt.printerjob" value="sun.print.PSPrinterJob"/>
    <property name="sun.os.patch.level" value="unknown"/>
    <property name="java.library.path" value="/usr/java/packages/lib:/usr/lib/x86_64-linux-gnu/jni:/lib/x86_64-linux-gnu:/usr/lib/x86_64-linux-gnu:/usr/lib/jni:/lib:/usr/lib"/>
    <property name="java.vendor" value="Ubuntu"/>
    <property name="java.vm.info" value="mixed mode"/>
    <property name="java.vm.version" value="11.0.24+8-post-Ubuntu-1ubuntu322.04"/>
    <property name="java.specification.maintenance.version" value="2"/>
    <property name="sun.io.unicode.encoding" value="UnicodeLittle"/>
    <property name="java.class.version" value="55.0"/>
  </properties>
  <testcase name="testSerDeser" classname="org.jsmart.zerocode.core.kafka.DeliveryDetailsTest" time="0.084"/>
</testsuite>